\BOOKMARK [0][-]{chapter*.5}{\376\377\000\332\000v\000o\000d}{}% 1
\BOOKMARK [1][-]{section*.6}{\376\377\000C\000\355\000l\000\040\000p\000r\000\341\000c\000e}{chapter*.5}% 2
\BOOKMARK [1][-]{section*.7}{\376\377\000P\000o\001\176\000a\000d\000a\000v\000k\000y\000\040\000z\000a\000d\000\341\000n\000\355}{chapter*.5}% 3
\BOOKMARK [1][-]{section*.8}{\376\377\000R\000e\001\141\000e\000r\001\141\000e}{chapter*.5}% 4
\BOOKMARK [0][-]{chapter.1}{\376\377\000T\000e\000o\000r\000e\000t\000i\000c\000k\000\341\000\040\001\015\000\341\000s\000t}{}% 5
\BOOKMARK [1][-]{section.1.1}{\376\377\000F\000o\000r\000m\000u\000l\000a\000c\000e\000\040\000p\000r\000o\000b\000l\000\351\000m\001\157}{chapter.1}% 6
\BOOKMARK [1][-]{section.1.2}{\376\377\000H\000y\000b\000r\000i\000d\000n\000\355\000\040\000s\000y\000s\000t\000\351\000m\000y}{chapter.1}% 7
\BOOKMARK [0][-]{chapter.2}{\376\377\000M\000o\001\176\000n\000o\000s\000t\000i\000\040\001\131\000e\001\141\000e\000n\000\355\000\040\000p\000r\000o\000b\000l\000e\000m\000a\000t\000i\000k\000y}{}% 8
\BOOKMARK [1][-]{section.2.1}{\376\377\000a\000c\000r\000:\000s\000a\000t\000\040\001\131\000e\001\141\000i\001\015\000e}{chapter.2}% 9
\BOOKMARK [1][-]{section.2.2}{\376\377\001\130\000e\001\141\000e\000n\000\355\000\040\000a\000c\000r\000:\000s\000m\000t\000\040\000p\000r\000o\000b\000l\000\351\000m\000u}{chapter.2}% 10
\BOOKMARK [1][-]{section.2.3}{\376\377\000N\000u\000m\000e\000r\000i\000c\000k\000\351\000\040\000m\000e\000t\000o\000d\000y\000\040\001\131\000e\001\141\000e\000n\000\355\000\040\000a\000c\000r\000:\000o\000d\000e}{chapter.2}% 11
\BOOKMARK [1][-]{section.2.4}{\376\377\000H\000y\000b\000r\000i\000d\000n\000\355\000\040\001\131\000e\001\141\000i\001\015\000e}{chapter.2}% 12
\BOOKMARK [0][-]{chapter.3}{\376\377\000N\000\341\000v\000r\000h\000\040\000z\000v\000o\000l\000e\000n\000\351\000h\000o\000\040\001\131\000e\001\141\000e\000n\000\355}{}% 13
\BOOKMARK [1][-]{section.3.1}{\376\377\000S\000p\000e\000c\000i\000f\000i\000k\000a\000c\000e\000\040\000n\000\341\000s\000t\000r\000o\000j\000e}{chapter.3}% 14
\BOOKMARK [1][-]{section.3.2}{\376\377\000S\000o\000f\000t\000w\000a\000r\000o\000v\000\341\000\040\000a\000r\000c\000h\000i\000t\000e\000k\000t\000u\000r\000a}{chapter.3}% 15
\BOOKMARK [0][-]{chapter.4}{\376\377\000R\000e\000a\000l\000i\000z\000a\000c\000e}{}% 16
\BOOKMARK [1][-]{section.4.1}{\376\377\000S\000t\000r\000u\000k\000t\000u\000r\000a\000\040\000a\000\040\000v\000l\000a\000s\000t\000n\000o\000s\000t\000i\000\040\000p\000r\000o\000j\000e\000k\000t\000u}{chapter.4}% 17
\BOOKMARK [1][-]{section.4.2}{\376\377\000I\000m\000p\000l\000e\000m\000e\000n\000t\000a\000c\000e\000\040\000a\000c\000r\000:\000s\000m\000t\000\040\001\131\000e\001\141\000i\001\015\000e}{chapter.4}% 18
\BOOKMARK [1][-]{section.4.3}{\376\377\000I\000m\000p\000l\000e\000m\000e\000n\000t\000a\000c\000e\000\040\000a\000c\000r\000:\000o\000d\000e\000\040\001\131\000e\001\141\000i\001\015\000e}{chapter.4}% 19
\BOOKMARK [1][-]{section.4.4}{\376\377\000I\000m\000p\000l\000e\000m\000e\000n\000t\000a\000c\000e\000\040\000z\000p\000r\000a\000c\000o\000v\000\341\000n\000\355\000\040\000v\000s\000t\000u\000p\000u}{chapter.4}% 20
\BOOKMARK [1][-]{section.4.5}{\376\377\000R\000e\000a\000l\000i\000z\000a\000c\000e\000\040\001\131\000\355\000d\000\355\000c\000\355\000\040\000k\000o\000m\000p\000o\000n\000e\000n\000t\000y}{chapter.4}% 21
\BOOKMARK [0][-]{chapter.5}{\376\377\000E\000x\000p\000e\000r\000i\000m\000e\000n\000t\000\341\000l\000n\000\355\000\040\001\015\000\341\000s\000t}{}% 22
\BOOKMARK [0][-]{chapter*.68}{\376\377\000Z\000\341\000v\001\033\000r}{}% 23
\BOOKMARK [0][-]{section*.70}{\376\377\000L\000i\000t\000e\000r\000a\000t\000u\000r\000a}{}% 24
\BOOKMARK [0][-]{appendix.A}{\376\377\000S\000e\000z\000n\000a\000m\000\040\000p\000o\000u\001\176\000i\000t\000\375\000c\000h\000\040\000s\000y\000m\000b\000o\000l\001\157\000\040\000a\000\040\000z\000k\000r\000a\000t\000e\000k}{}% 25
